2022-11-07 17:51:38 [com.xxl.job.core.thread.JobThread#run]-[130]-[Thread-7] <br>----------- xxl-job job execute start -----------<br>----------- Param:
2022-11-07 17:55:46 [com.xxl.job.core.thread.JobThread#run]-[201]-[Thread-7] <br>----------- JobThread Exception:java.lang.reflect.InvocationTargetException
	at java.base/jdk.internal.reflect.NativeMethodAccessorImpl.invoke0(Native Method)
	at java.base/jdk.internal.reflect.NativeMethodAccessorImpl.invoke(NativeMethodAccessorImpl.java:62)
	at java.base/jdk.internal.reflect.DelegatingMethodAccessorImpl.invoke(DelegatingMethodAccessorImpl.java:43)
	at java.base/java.lang.reflect.Method.invoke(Method.java:566)
	at com.xxl.job.core.handler.impl.MethodJobHandler.execute(MethodJobHandler.java:31)
	at com.xxl.job.core.thread.JobThread.run(JobThread.java:163)
Caused by: java.lang.NullPointerException
	at org.dog.server.service.impl.SendInfoServiceImpl.saveInfo(SendInfoServiceImpl.java:56)
	at org.dog.server.service.impl.SendInfoServiceImpl$$FastClassBySpringCGLIB$$1de1c6f9.invoke(<generated>)
	at org.springframework.cglib.proxy.MethodProxy.invoke(MethodProxy.java:218)
	at org.springframework.aop.framework.CglibAopProxy$DynamicAdvisedInterceptor.intercept(CglibAopProxy.java:687)
	at org.dog.server.service.impl.SendInfoServiceImpl$$EnhancerBySpringCGLIB$$28bab1a9.saveInfo(<generated>)
	... 6 more
<br>----------- xxl-job job execute end(error) -----------
2022-11-07 17:55:46 [com.xxl.job.core.thread.TriggerCallbackThread#callbackLog]-[197]-[xxl-job, executor TriggerCallbackThread] <br>----------- xxl-job job callback finish.
2022-11-07 17:55:48 [com.xxl.job.core.thread.JobThread#run]-[191]-[Thread-7] <br>----------- JobThread toStop, stopReason:web container destroy and kill the job.
2022-11-07 17:55:48 [com.xxl.job.core.thread.JobThread#run]-[201]-[Thread-7] <br>----------- JobThread Exception:java.lang.InterruptedException
	at java.base/java.util.concurrent.locks.AbstractQueuedSynchronizer$ConditionObject.reportInterruptAfterWait(AbstractQueuedSynchronizer.java:2056)
	at java.base/java.util.concurrent.locks.AbstractQueuedSynchronizer$ConditionObject.awaitNanos(AbstractQueuedSynchronizer.java:2133)
	at java.base/java.util.concurrent.LinkedBlockingQueue.poll(LinkedBlockingQueue.java:458)
	at com.xxl.job.core.thread.JobThread.run(JobThread.java:111)
<br>----------- xxl-job job execute end(error) -----------
